[05-Feb-2024 09:49:09] NOTICE: fpm is running, pid 15
[05-Feb-2024 09:49:09] NOTICE: ready to handle connections
[05-Feb-2024 12:47:42] NOTICE: fpm is running, pid 15
[05-Feb-2024 12:47:42] NOTICE: ready to handle connections
[05-Feb-2024 13:28:12] NOTICE: fpm is running, pid 15
[05-Feb-2024 13:28:12] NOTICE: ready to handle connections
[05-Feb-2024 15:56:35] NOTICE: fpm is running, pid 15
[05-Feb-2024 15:56:35] NOTICE: ready to handle connections
[11-Feb-2024 15:11:27] NOTICE: fpm is running, pid 15
[11-Feb-2024 15:11:27] NOTICE: ready to handle connections
[13-Feb-2024 12:55:57] NOTICE: fpm is running, pid 15
[13-Feb-2024 12:55:57] NOTICE: ready to handle connections
[13-Feb-2024 13:11:22] NOTICE: fpm is running, pid 15
[13-Feb-2024 13:11:22] NOTICE: ready to handle connections
[18-Feb-2024 10:14:18] NOTICE: fpm is running, pid 15
[18-Feb-2024 10:14:18] NOTICE: ready to handle connections
[18-Feb-2024 16:38:45] NOTICE: fpm is running, pid 16
[18-Feb-2024 16:38:45] NOTICE: ready to handle connections
[02-Mar-2024 00:28:00] NOTICE: fpm is running, pid 15
[02-Mar-2024 00:28:00] NOTICE: ready to handle connections
[02-Mar-2024 00:47:02] NOTICE: fpm is running, pid 15
[02-Mar-2024 00:47:02] NOTICE: ready to handle connections
[02-Mar-2024 01:38:14] NOTICE: fpm is running, pid 15
[02-Mar-2024 01:38:14] NOTICE: ready to handle connections
[02-Mar-2024 17:19:22] NOTICE: fpm is running, pid 15
[02-Mar-2024 17:19:22] NOTICE: ready to handle connections
[03-Mar-2024 10:06:04] NOTICE: fpm is running, pid 15
[03-Mar-2024 10:06:04] NOTICE: ready to handle connections
[03-Mar-2024 10:20:40] NOTICE: fpm is running, pid 15
[03-Mar-2024 10:20:40] NOTICE: ready to handle connections
[05-Mar-2024 14:48:03] NOTICE: fpm is running, pid 15
[05-Mar-2024 14:48:03] NOTICE: ready to handle connections
[15-Mar-2024 08:15:37] NOTICE: fpm is running, pid 15
[15-Mar-2024 08:15:37] NOTICE: ready to handle connections
[15-Mar-2024 08:26:34] NOTICE: fpm is running, pid 14
[15-Mar-2024 08:26:34] NOTICE: ready to handle connections
[05-May-2024 23:18:43] NOTICE: fpm is running, pid 15
[05-May-2024 23:18:43] NOTICE: ready to handle connections
[28-May-2024 15:23:36] NOTICE: fpm is running, pid 15
[28-May-2024 15:23:36] NOTICE: ready to handle connections
[13-Jul-2024 10:25:56] NOTICE: fpm is running, pid 14
[13-Jul-2024 10:25:56] NOTICE: ready to handle connections
[25-Jul-2024 22:50:22] NOTICE: fpm is running, pid 15
[25-Jul-2024 22:50:22] NOTICE: ready to handle connections
[28-Jul-2024 15:27:49] NOTICE: fpm is running, pid 15
[28-Jul-2024 15:27:49] NOTICE: ready to handle connections
[07-Aug-2024 13:37:22] NOTICE: fpm is running, pid 15
[07-Aug-2024 13:37:22] NOTICE: ready to handle connections
[10-Aug-2024 16:44:19] NOTICE: fpm is running, pid 15
[10-Aug-2024 16:44:19] NOTICE: ready to handle connections
[10-Aug-2024 16:50:59] NOTICE: fpm is running, pid 14
[10-Aug-2024 16:50:59] NOTICE: ready to handle connections
[10-Aug-2024 17:18:58] NOTICE: fpm is running, pid 15
[10-Aug-2024 17:18:58] NOTICE: ready to handle connections
[17-Oct-2024 14:02:18] NOTICE: fpm is running, pid 15
[17-Oct-2024 14:02:18] NOTICE: ready to handle connections
[17-Oct-2024 14:05:10] NOTICE: fpm is running, pid 15
[17-Oct-2024 14:05:10] NOTICE: ready to handle connections
[17-Oct-2024 14:07:35] NOTICE: fpm is running, pid 15
[17-Oct-2024 14:07:35] NOTICE: ready to handle connections
[15-Nov-2024 21:02:30] NOTICE: fpm is running, pid 14
[15-Nov-2024 21:02:30] NOTICE: ready to handle connections
[18-Nov-2024 19:23:27] NOTICE: fpm is running, pid 15
[18-Nov-2024 19:23:27] NOTICE: ready to handle connections
[30-Nov-2024 11:49:46] NOTICE: fpm is running, pid 15
[30-Nov-2024 11:49:46] NOTICE: ready to handle connections
[06-Dec-2024 23:46:46] NOTICE: fpm is running, pid 14
[06-Dec-2024 23:46:46] NOTICE: ready to handle connections
[21-Feb-2025 21:20:46] NOTICE: fpm is running, pid 15
[21-Feb-2025 21:20:46] NOTICE: ready to handle connections
[21-Feb-2025 21:21:59] NOTICE: fpm is running, pid 14
[21-Feb-2025 21:21:59] NOTICE: ready to handle connections
[21-Feb-2025 21:22:13] NOTICE: fpm is running, pid 16
[21-Feb-2025 21:22:13] NOTICE: ready to handle connections
[21-Feb-2025 22:16:27] NOTICE: fpm is running, pid 15
[21-Feb-2025 22:16:27] NOTICE: ready to handle connections
[21-Feb-2025 22:16:30] NOTICE: fpm is running, pid 15
[21-Feb-2025 22:16:30] NOTICE: ready to handle connections
